2020-04-22 00:23:46.069 | INFO     | __main__:<module>:7 - Starting to capture in 20 seconds
2020-04-22 00:24:06.072 | INFO     | __main__:<module>:10 - Capturing...
2020-04-22 00:24:06.074 | INFO     | __main__:<module>:20 - adb shell input tap 543 1832
2020-04-22 00:24:08.123 | INFO     | __main__:<module>:23 - Sleeping for 31 seconds...
2020-04-22 00:24:54.804 | INFO     | __main__:<module>:7 - Starting to capture in 20 seconds
2020-04-22 00:25:14.805 | INFO     | __main__:<module>:10 - Capturing...
2020-04-22 00:25:14.806 | INFO     | __main__:<module>:20 - adb shell input tap 543 1832
2020-04-22 00:25:15.243 | INFO     | __main__:<module>:23 - Sleeping for 31 seconds...
2020-04-22 00:25:46.250 | INFO     | __main__:<module>:35 - adb shell input tap 957 1861
2020-04-22 00:25:46.783 | INFO     | __main__:<module>:38 - Sleeping for 0.5 seconds...
2020-04-22 00:25:47.289 | INFO     | __main__:<module>:48 - adb shell input keyevent KEYCODE_BACK
2020-04-22 00:25:47.909 | INFO     | __main__:<module>:51 - Sleeping for 0.5 seconds...
2020-04-22 00:25:48.416 | INFO     | __main__:<module>:10 - Capturing...
2020-04-22 00:25:48.416 | INFO     | __main__:<module>:20 - adb shell input tap 543 1832
2020-04-22 00:25:48.933 | INFO     | __main__:<module>:23 - Sleeping for 31 seconds...
2020-04-22 00:26:19.940 | INFO     | __main__:<module>:35 - adb shell input tap 957 1861
2020-04-22 00:26:20.353 | INFO     | __main__:<module>:38 - Sleeping for 0.5 seconds...
2020-04-22 00:26:20.856 | INFO     | __main__:<module>:48 - adb shell input keyevent KEYCODE_BACK
2020-04-22 00:26:21.370 | INFO     | __main__:<module>:51 - Sleeping for 0.5 seconds...
2020-04-22 00:26:21.874 | INFO     | __main__:<module>:10 - Capturing...
2020-04-22 00:26:21.875 | INFO     | __main__:<module>:20 - adb shell input tap 543 1832
2020-04-22 00:26:22.519 | INFO     | __main__:<module>:23 - Sleeping for 31 seconds...
2020-04-22 00:26:53.526 | INFO     | __main__:<module>:35 - adb shell input tap 957 1861
2020-04-22 00:26:54.204 | INFO     | __main__:<module>:38 - Sleeping for 0.5 seconds...
2020-04-22 00:26:54.707 | INFO     | __main__:<module>:48 - adb shell input keyevent KEYCODE_BACK
2020-04-22 00:26:55.343 | INFO     | __main__:<module>:51 - Sleeping for 0.5 seconds...
2020-04-22 00:26:55.846 | INFO     | __main__:<module>:10 - Capturing...
2020-04-22 00:26:55.851 | INFO     | __main__:<module>:20 - adb shell input tap 543 1832
2020-04-22 00:26:56.770 | INFO     | __main__:<module>:23 - Sleeping for 31 seconds...
2020-04-22 00:27:27.776 | INFO     | __main__:<module>:35 - adb shell input tap 957 1861
2020-04-22 00:27:28.284 | INFO     | __main__:<module>:38 - Sleeping for 0.5 seconds...
2020-04-22 00:27:28.788 | INFO     | __main__:<module>:48 - adb shell input keyevent KEYCODE_BACK
2020-04-22 00:27:29.298 | INFO     | __main__:<module>:51 - Sleeping for 0.5 seconds...
2020-04-22 00:27:29.803 | INFO     | __main__:<module>:10 - Capturing...
2020-04-22 00:27:29.803 | INFO     | __main__:<module>:20 - adb shell input tap 543 1832
2020-04-22 00:27:30.232 | INFO     | __main__:<module>:23 - Sleeping for 31 seconds...
2020-04-22 00:28:01.234 | INFO     | __main__:<module>:35 - adb shell input tap 957 1861
2020-04-22 00:28:01.730 | INFO     | __main__:<module>:38 - Sleeping for 0.5 seconds...
2020-04-22 00:28:02.236 | INFO     | __main__:<module>:48 - adb shell input keyevent KEYCODE_BACK
2020-04-22 00:28:02.762 | INFO     | __main__:<module>:51 - Sleeping for 0.5 seconds...
2020-04-22 00:28:03.264 | INFO     | __main__:<module>:10 - Capturing...
2020-04-22 00:28:03.265 | INFO     | __main__:<module>:20 - adb shell input tap 543 1832
2020-04-22 00:28:03.702 | INFO     | __main__:<module>:23 - Sleeping for 31 seconds...
2020-04-22 00:28:34.705 | INFO     | __main__:<module>:35 - adb shell input tap 957 1861
2020-04-22 00:28:35.224 | INFO     | __main__:<module>:38 - Sleeping for 0.5 seconds...
2020-04-22 00:28:35.726 | INFO     | __main__:<module>:48 - adb shell input keyevent KEYCODE_BACK
2020-04-22 00:28:36.268 | INFO     | __main__:<module>:51 - Sleeping for 0.5 seconds...
2020-04-22 00:28:36.770 | INFO     | __main__:<module>:10 - Capturing...
2020-04-22 00:28:36.771 | INFO     | __main__:<module>:20 - adb shell input tap 543 1832
2020-04-22 00:28:37.304 | INFO     | __main__:<module>:23 - Sleeping for 31 seconds...
2020-04-22 00:29:08.310 | INFO     | __main__:<module>:35 - adb shell input tap 957 1861
2020-04-22 00:29:08.927 | INFO     | __main__:<module>:38 - Sleeping for 0.5 seconds...
2020-04-22 00:29:09.429 | INFO     | __main__:<module>:48 - adb shell input keyevent KEYCODE_BACK
2020-04-22 00:29:09.951 | INFO     | __main__:<module>:51 - Sleeping for 0.5 seconds...
2020-04-22 00:29:10.453 | INFO     | __main__:<module>:10 - Capturing...
2020-04-22 00:29:10.454 | INFO     | __main__:<module>:20 - adb shell input tap 543 1832
2020-04-22 00:29:11.349 | INFO     | __main__:<module>:23 - Sleeping for 31 seconds...
2020-04-22 00:29:42.352 | INFO     | __main__:<module>:35 - adb shell input tap 957 1861
2020-04-22 00:29:42.784 | INFO     | __main__:<module>:38 - Sleeping for 0.5 seconds...
2020-04-22 00:29:43.287 | INFO     | __main__:<module>:48 - adb shell input keyevent KEYCODE_BACK
2020-04-22 00:29:43.728 | INFO     | __main__:<module>:51 - Sleeping for 0.5 seconds...
2020-04-22 00:29:44.233 | INFO     | __main__:<module>:10 - Capturing...
2020-04-22 00:29:44.233 | INFO     | __main__:<module>:20 - adb shell input tap 543 1832
2020-04-22 00:29:44.758 | INFO     | __main__:<module>:23 - Sleeping for 31 seconds...
2020-04-22 00:30:15.765 | INFO     | __main__:<module>:35 - adb shell input tap 957 1861
2020-04-22 00:30:16.378 | INFO     | __main__:<module>:38 - Sleeping for 0.5 seconds...
2020-04-22 00:30:16.881 | INFO     | __main__:<module>:48 - adb shell input keyevent KEYCODE_BACK
2020-04-22 00:30:17.525 | INFO     | __main__:<module>:51 - Sleeping for 0.5 seconds...
2020-04-22 00:30:18.028 | INFO     | __main__:<module>:10 - Capturing...
2020-04-22 00:30:18.028 | INFO     | __main__:<module>:20 - adb shell input tap 543 1832
2020-04-22 00:30:18.442 | INFO     | __main__:<module>:23 - Sleeping for 31 seconds...
2020-04-22 00:30:49.446 | INFO     | __main__:<module>:35 - adb shell input tap 957 1861
2020-04-22 00:30:49.970 | INFO     | __main__:<module>:38 - Sleeping for 0.5 seconds...
2020-04-22 00:30:50.482 | INFO     | __main__:<module>:48 - adb shell input keyevent KEYCODE_BACK
2020-04-22 00:30:51.112 | INFO     | __main__:<module>:51 - Sleeping for 0.5 seconds...
2020-04-22 00:30:51.617 | INFO     | __main__:<module>:10 - Capturing...
2020-04-22 00:30:51.618 | INFO     | __main__:<module>:20 - adb shell input tap 543 1832
2020-04-22 00:30:52.157 | INFO     | __main__:<module>:23 - Sleeping for 31 seconds...
2020-04-22 00:31:23.164 | INFO     | __main__:<module>:35 - adb shell input tap 957 1861
2020-04-22 00:31:23.665 | INFO     | __main__:<module>:38 - Sleeping for 0.5 seconds...
2020-04-22 00:31:24.168 | INFO     | __main__:<module>:48 - adb shell input keyevent KEYCODE_BACK
2020-04-22 00:31:24.736 | INFO     | __main__:<module>:51 - Sleeping for 0.5 seconds...
2020-04-22 00:31:25.242 | INFO     | __main__:<module>:10 - Capturing...
2020-04-22 00:31:25.243 | INFO     | __main__:<module>:20 - adb shell input tap 543 1832
2020-04-22 00:31:25.724 | INFO     | __main__:<module>:23 - Sleeping for 31 seconds...
2020-04-22 00:31:56.730 | INFO     | __main__:<module>:35 - adb shell input tap 957 1861
2020-04-22 00:31:57.258 | INFO     | __main__:<module>:38 - Sleeping for 0.5 seconds...
2020-04-22 00:31:57.763 | INFO     | __main__:<module>:48 - adb shell input keyevent KEYCODE_BACK
2020-04-22 00:31:58.292 | INFO     | __main__:<module>:51 - Sleeping for 0.5 seconds...
2020-04-22 00:31:58.793 | INFO     | __main__:<module>:10 - Capturing...
2020-04-22 00:31:58.794 | INFO     | __main__:<module>:20 - adb shell input tap 543 1832
2020-04-22 00:31:59.413 | INFO     | __main__:<module>:23 - Sleeping for 31 seconds...
2020-04-22 00:32:30.416 | INFO     | __main__:<module>:35 - adb shell input tap 957 1861
2020-04-22 00:32:31.022 | INFO     | __main__:<module>:38 - Sleeping for 0.5 seconds...
2020-04-22 00:32:31.526 | INFO     | __main__:<module>:48 - adb shell input keyevent KEYCODE_BACK
2020-04-22 00:32:32.180 | INFO     | __main__:<module>:51 - Sleeping for 0.5 seconds...
2020-04-22 00:32:32.686 | INFO     | __main__:<module>:10 - Capturing...
2020-04-22 00:32:32.686 | INFO     | __main__:<module>:20 - adb shell input tap 543 1832
2020-04-22 00:32:33.102 | INFO     | __main__:<module>:23 - Sleeping for 31 seconds...
2020-04-22 00:33:04.109 | INFO     | __main__:<module>:35 - adb shell input tap 957 1861
2020-04-22 00:33:04.538 | INFO     | __main__:<module>:38 - Sleeping for 0.5 seconds...
2020-04-22 00:33:05.041 | INFO     | __main__:<module>:48 - adb shell input keyevent KEYCODE_BACK
2020-04-22 00:33:05.580 | INFO     | __main__:<module>:51 - Sleeping for 0.5 seconds...
2020-04-22 00:33:06.084 | INFO     | __main__:<module>:10 - Capturing...
2020-04-22 00:33:06.085 | INFO     | __main__:<module>:20 - adb shell input tap 543 1832
2020-04-22 00:33:06.689 | INFO     | __main__:<module>:23 - Sleeping for 31 seconds...
2020-04-22 00:33:37.693 | INFO     | __main__:<module>:35 - adb shell input tap 957 1861
2020-04-22 00:33:38.330 | INFO     | __main__:<module>:38 - Sleeping for 0.5 seconds...
2020-04-22 00:33:38.834 | INFO     | __main__:<module>:48 - adb shell input keyevent KEYCODE_BACK
2020-04-22 00:33:39.353 | INFO     | __main__:<module>:51 - Sleeping for 0.5 seconds...
2020-04-22 00:33:39.857 | INFO     | __main__:<module>:10 - Capturing...
2020-04-22 00:33:39.857 | INFO     | __main__:<module>:20 - adb shell input tap 543 1832
2020-04-22 00:33:40.377 | INFO     | __main__:<module>:23 - Sleeping for 31 seconds...
2020-04-22 00:34:11.388 | INFO     | __main__:<module>:35 - adb shell input tap 957 1861
2020-04-22 00:34:12.189 | INFO     | __main__:<module>:38 - Sleeping for 0.5 seconds...
2020-04-22 00:34:12.690 | INFO     | __main__:<module>:48 - adb shell input keyevent KEYCODE_BACK
2020-04-22 00:34:13.161 | INFO     | __main__:<module>:51 - Sleeping for 0.5 seconds...
2020-04-22 00:34:13.665 | INFO     | __main__:<module>:10 - Capturing...
2020-04-22 00:34:13.666 | INFO     | __main__:<module>:20 - adb shell input tap 543 1832
2020-04-22 00:34:14.140 | INFO     | __main__:<module>:23 - Sleeping for 31 seconds...
2020-04-22 00:34:45.148 | INFO     | __main__:<module>:35 - adb shell input tap 957 1861
2020-04-22 00:34:45.719 | INFO     | __main__:<module>:38 - Sleeping for 0.5 seconds...
2020-04-22 00:34:46.224 | INFO     | __main__:<module>:48 - adb shell input keyevent KEYCODE_BACK
2020-04-22 00:34:46.846 | INFO     | __main__:<module>:51 - Sleeping for 0.5 seconds...
2020-04-22 00:34:47.349 | INFO     | __main__:<module>:10 - Capturing...
2020-04-22 00:34:47.350 | INFO     | __main__:<module>:20 - adb shell input tap 543 1832
2020-04-22 00:34:48.177 | INFO     | __main__:<module>:23 - Sleeping for 31 seconds...
2020-04-22 00:35:19.185 | INFO     | __main__:<module>:35 - adb shell input tap 957 1861
2020-04-22 00:35:19.745 | INFO     | __main__:<module>:38 - Sleeping for 0.5 seconds...
2020-04-22 00:35:20.250 | INFO     | __main__:<module>:48 - adb shell input keyevent KEYCODE_BACK
2020-04-22 00:35:20.762 | INFO     | __main__:<module>:51 - Sleeping for 0.5 seconds...
2020-04-22 00:35:21.269 | INFO     | __main__:<module>:10 - Capturing...
2020-04-22 00:35:21.270 | INFO     | __main__:<module>:20 - adb shell input tap 543 1832
2020-04-22 00:35:21.666 | INFO     | __main__:<module>:23 - Sleeping for 31 seconds...
2020-04-22 00:35:52.670 | INFO     | __main__:<module>:35 - adb shell input tap 957 1861
2020-04-22 00:35:53.737 | INFO     | __main__:<module>:38 - Sleeping for 0.5 seconds...
2020-04-22 00:35:54.242 | INFO     | __main__:<module>:48 - adb shell input keyevent KEYCODE_BACK
2020-04-22 00:35:55.069 | INFO     | __main__:<module>:51 - Sleeping for 0.5 seconds...
2020-04-22 00:35:55.572 | INFO     | __main__:<module>:10 - Capturing...
2020-04-22 00:35:55.573 | INFO     | __main__:<module>:20 - adb shell input tap 543 1832
2020-04-22 00:35:56.069 | INFO     | __main__:<module>:23 - Sleeping for 31 seconds...
2020-04-22 00:36:27.076 | INFO     | __main__:<module>:35 - adb shell input tap 957 1861
2020-04-22 00:36:27.710 | INFO     | __main__:<module>:38 - Sleeping for 0.5 seconds...
2020-04-22 00:36:28.214 | INFO     | __main__:<module>:48 - adb shell input keyevent KEYCODE_BACK
2020-04-22 00:36:28.837 | INFO     | __main__:<module>:51 - Sleeping for 0.5 seconds...
2020-04-22 00:36:29.341 | INFO     | __main__:<module>:10 - Capturing...
2020-04-22 00:36:29.341 | INFO     | __main__:<module>:20 - adb shell input tap 543 1832
2020-04-22 00:36:29.826 | INFO     | __main__:<module>:23 - Sleeping for 31 seconds...
2020-04-22 00:37:00.830 | INFO     | __main__:<module>:35 - adb shell input tap 957 1861
2020-04-22 00:37:01.297 | INFO     | __main__:<module>:38 - Sleeping for 0.5 seconds...
2020-04-22 00:37:01.802 | INFO     | __main__:<module>:48 - adb shell input keyevent KEYCODE_BACK
2020-04-22 00:37:02.301 | INFO     | __main__:<module>:51 - Sleeping for 0.5 seconds...
2020-04-22 00:37:02.806 | INFO     | __main__:<module>:10 - Capturing...
2020-04-22 00:37:02.807 | INFO     | __main__:<module>:20 - adb shell input tap 543 1832
2020-04-22 00:37:03.381 | INFO     | __main__:<module>:23 - Sleeping for 31 seconds...
2020-04-22 00:37:34.386 | INFO     | __main__:<module>:35 - adb shell input tap 957 1861
2020-04-22 00:37:34.883 | INFO     | __main__:<module>:38 - Sleeping for 0.5 seconds...
2020-04-22 00:37:35.386 | INFO     | __main__:<module>:48 - adb shell input keyevent KEYCODE_BACK
2020-04-22 00:37:36.402 | INFO     | __main__:<module>:51 - Sleeping for 0.5 seconds...
2020-04-22 00:37:36.908 | INFO     | __main__:<module>:10 - Capturing...
2020-04-22 00:37:36.910 | INFO     | __main__:<module>:20 - adb shell input tap 543 1832
2020-04-22 00:37:37.327 | INFO     | __main__:<module>:23 - Sleeping for 31 seconds...
2020-04-22 00:38:08.333 | INFO     | __main__:<module>:35 - adb shell input tap 957 1861
2020-04-22 00:38:08.703 | INFO     | __main__:<module>:38 - Sleeping for 0.5 seconds...
2020-04-22 00:38:09.205 | INFO     | __main__:<module>:48 - adb shell input keyevent KEYCODE_BACK
2020-04-22 00:38:09.597 | INFO     | __main__:<module>:51 - Sleeping for 0.5 seconds...
2020-04-22 00:38:10.104 | INFO     | __main__:<module>:10 - Capturing...
2020-04-22 00:38:10.105 | INFO     | __main__:<module>:20 - adb shell input tap 543 1832
2020-04-22 00:38:10.519 | INFO     | __main__:<module>:23 - Sleeping for 31 seconds...
2020-04-22 00:38:41.524 | INFO     | __main__:<module>:35 - adb shell input tap 957 1861
2020-04-22 00:38:41.988 | INFO     | __main__:<module>:38 - Sleeping for 0.5 seconds...
2020-04-22 00:38:42.494 | INFO     | __main__:<module>:48 - adb shell input keyevent KEYCODE_BACK
2020-04-22 00:38:42.941 | INFO     | __main__:<module>:51 - Sleeping for 0.5 seconds...
2020-04-22 00:38:43.444 | INFO     | __main__:<module>:10 - Capturing...
2020-04-22 00:38:43.445 | INFO     | __main__:<module>:20 - adb shell input tap 543 1832
2020-04-22 00:38:43.918 | INFO     | __main__:<module>:23 - Sleeping for 31 seconds...
2020-04-22 00:39:14.923 | INFO     | __main__:<module>:35 - adb shell input tap 957 1861
2020-04-22 00:39:16.595 | INFO     | __main__:<module>:38 - Sleeping for 0.5 seconds...
2020-04-22 00:39:17.100 | INFO     | __main__:<module>:48 - adb shell input keyevent KEYCODE_BACK
2020-04-22 00:39:19.112 | INFO     | __main__:<module>:51 - Sleeping for 0.5 seconds...
2020-04-22 00:39:19.613 | INFO     | __main__:<module>:10 - Capturing...
2020-04-22 00:39:19.614 | INFO     | __main__:<module>:20 - adb shell input tap 543 1832
2020-04-22 00:39:21.674 | INFO     | __main__:<module>:23 - Sleeping for 31 seconds...
2020-04-22 00:39:52.677 | INFO     | __main__:<module>:35 - adb shell input tap 957 1861
2020-04-22 00:39:54.122 | INFO     | __main__:<module>:38 - Sleeping for 0.5 seconds...
2020-04-22 00:39:54.627 | INFO     | __main__:<module>:48 - adb shell input keyevent KEYCODE_BACK
2020-04-22 00:39:56.463 | INFO     | __main__:<module>:51 - Sleeping for 0.5 seconds...
2020-04-22 00:39:56.967 | INFO     | __main__:<module>:10 - Capturing...
2020-04-22 00:39:56.982 | INFO     | __main__:<module>:20 - adb shell input tap 543 1832
2020-04-22 00:39:59.343 | INFO     | __main__:<module>:23 - Sleeping for 31 seconds...
2020-04-22 00:40:30.349 | INFO     | __main__:<module>:35 - adb shell input tap 957 1861
2020-04-22 00:40:32.455 | INFO     | __main__:<module>:38 - Sleeping for 0.5 seconds...
2020-04-22 00:40:32.960 | INFO     | __main__:<module>:48 - adb shell input keyevent KEYCODE_BACK
2020-04-22 00:40:33.693 | INFO     | __main__:<module>:51 - Sleeping for 0.5 seconds...
2020-04-22 00:40:34.199 | INFO     | __main__:<module>:10 - Capturing...
2020-04-22 00:40:34.199 | INFO     | __main__:<module>:20 - adb shell input tap 543 1832
2020-04-22 00:40:35.437 | INFO     | __main__:<module>:23 - Sleeping for 31 seconds...
2020-04-22 00:41:06.444 | INFO     | __main__:<module>:35 - adb shell input tap 957 1861
2020-04-22 00:41:08.283 | INFO     | __main__:<module>:38 - Sleeping for 0.5 seconds...
2020-04-22 00:41:08.789 | INFO     | __main__:<module>:48 - adb shell input keyevent KEYCODE_BACK
2020-04-22 00:41:10.971 | INFO     | __main__:<module>:51 - Sleeping for 0.5 seconds...
2020-04-22 00:41:11.474 | INFO     | __main__:<module>:10 - Capturing...
2020-04-22 00:41:11.476 | INFO     | __main__:<module>:20 - adb shell input tap 543 1832
2020-04-22 00:41:14.200 | INFO     | __main__:<module>:23 - Sleeping for 31 seconds...
2020-04-22 00:41:45.203 | INFO     | __main__:<module>:35 - adb shell input tap 957 1861
2020-04-22 00:41:45.898 | INFO     | __main__:<module>:38 - Sleeping for 0.5 seconds...
2020-04-22 00:41:46.402 | INFO     | __main__:<module>:48 - adb shell input keyevent KEYCODE_BACK
2020-04-22 00:41:46.991 | INFO     | __main__:<module>:51 - Sleeping for 0.5 seconds...
2020-04-22 00:41:47.493 | INFO     | __main__:<module>:10 - Capturing...
2020-04-22 00:41:47.494 | INFO     | __main__:<module>:20 - adb shell input tap 543 1832
2020-04-22 00:41:48.922 | INFO     | __main__:<module>:23 - Sleeping for 31 seconds...
2020-04-22 00:42:19.929 | INFO     | __main__:<module>:35 - adb shell input tap 957 1861
2020-04-22 00:42:21.934 | INFO     | __main__:<module>:38 - Sleeping for 0.5 seconds...
2020-04-22 00:42:22.439 | INFO     | __main__:<module>:48 - adb shell input keyevent KEYCODE_BACK
2020-04-22 00:42:24.161 | INFO     | __main__:<module>:51 - Sleeping for 0.5 seconds...
2020-04-22 00:42:24.662 | INFO     | __main__:<module>:10 - Capturing...
2020-04-22 00:42:24.663 | INFO     | __main__:<module>:20 - adb shell input tap 543 1832
2020-04-22 00:42:26.823 | INFO     | __main__:<module>:23 - Sleeping for 31 seconds...
2020-04-22 00:42:57.826 | INFO     | __main__:<module>:35 - adb shell input tap 957 1861
2020-04-22 00:42:59.775 | INFO     | __main__:<module>:38 - Sleeping for 0.5 seconds...
2020-04-22 00:43:00.280 | INFO     | __main__:<module>:48 - adb shell input keyevent KEYCODE_BACK
2020-04-22 00:43:01.975 | INFO     | __main__:<module>:51 - Sleeping for 0.5 seconds...
2020-04-22 00:43:02.480 | INFO     | __main__:<module>:10 - Capturing...
2020-04-22 00:43:02.483 | INFO     | __main__:<module>:20 - adb shell input tap 543 1832
2020-04-22 00:43:04.205 | INFO     | __main__:<module>:23 - Sleeping for 31 seconds...
2020-04-22 00:43:35.210 | INFO     | __main__:<module>:35 - adb shell input tap 957 1861
2020-04-22 00:43:37.074 | INFO     | __main__:<module>:38 - Sleeping for 0.5 seconds...
2020-04-22 00:43:37.579 | INFO     | __main__:<module>:48 - adb shell input keyevent KEYCODE_BACK
2020-04-22 00:43:39.595 | INFO     | __main__:<module>:51 - Sleeping for 0.5 seconds...
2020-04-22 00:43:40.105 | INFO     | __main__:<module>:10 - Capturing...
2020-04-22 00:43:40.107 | INFO     | __main__:<module>:20 - adb shell input tap 543 1832
2020-04-22 00:43:41.052 | INFO     | __main__:<module>:23 - Sleeping for 31 seconds...
2020-04-22 00:44:12.058 | INFO     | __main__:<module>:35 - adb shell input tap 957 1861
2020-04-22 00:44:14.036 | INFO     | __main__:<module>:38 - Sleeping for 0.5 seconds...
2020-04-22 00:44:14.543 | INFO     | __main__:<module>:48 - adb shell input keyevent KEYCODE_BACK
2020-04-22 00:44:16.595 | INFO     | __main__:<module>:51 - Sleeping for 0.5 seconds...
2020-04-22 00:44:17.098 | INFO     | __main__:<module>:10 - Capturing...
2020-04-22 00:44:17.099 | INFO     | __main__:<module>:20 - adb shell input tap 543 1832
2020-04-22 00:44:18.917 | INFO     | __main__:<module>:23 - Sleeping for 31 seconds...
2020-04-22 00:44:49.923 | INFO     | __main__:<module>:35 - adb shell input tap 957 1861
2020-04-22 00:44:50.345 | INFO     | __main__:<module>:38 - Sleeping for 0.5 seconds...
2020-04-22 00:44:50.848 | INFO     | __main__:<module>:48 - adb shell input keyevent KEYCODE_BACK
2020-04-22 00:44:51.291 | INFO     | __main__:<module>:51 - Sleeping for 0.5 seconds...
2020-04-22 00:44:51.794 | INFO     | __main__:<module>:10 - Capturing...
2020-04-22 00:44:51.794 | INFO     | __main__:<module>:20 - adb shell input tap 543 1832
2020-04-22 00:44:52.202 | INFO     | __main__:<module>:23 - Sleeping for 31 seconds...
2020-04-22 00:45:23.209 | INFO     | __main__:<module>:35 - adb shell input tap 957 1861
2020-04-22 00:45:23.622 | INFO     | __main__:<module>:38 - Sleeping for 0.5 seconds...
2020-04-22 00:45:24.124 | INFO     | __main__:<module>:48 - adb shell input keyevent KEYCODE_BACK
2020-04-22 00:45:24.847 | INFO     | __main__:<module>:51 - Sleeping for 0.5 seconds...
2020-04-22 00:45:25.351 | INFO     | __main__:<module>:10 - Capturing...
2020-04-22 00:45:25.352 | INFO     | __main__:<module>:20 - adb shell input tap 543 1832
2020-04-22 00:45:25.852 | INFO     | __main__:<module>:23 - Sleeping for 31 seconds...
2020-04-22 00:45:56.861 | INFO     | __main__:<module>:35 - adb shell input tap 957 1861
2020-04-22 00:45:57.260 | INFO     | __main__:<module>:38 - Sleeping for 0.5 seconds...
2020-04-22 00:45:57.763 | INFO     | __main__:<module>:48 - adb shell input keyevent KEYCODE_BACK
2020-04-22 00:45:58.464 | INFO     | __main__:<module>:51 - Sleeping for 0.5 seconds...
2020-04-22 00:45:58.970 | INFO     | __main__:<module>:10 - Capturing...
2020-04-22 00:45:58.970 | INFO     | __main__:<module>:20 - adb shell input tap 543 1832
2020-04-22 00:45:59.400 | INFO     | __main__:<module>:23 - Sleeping for 31 seconds...
2020-04-22 00:46:30.407 | INFO     | __main__:<module>:35 - adb shell input tap 957 1861
2020-04-22 00:46:30.846 | INFO     | __main__:<module>:38 - Sleeping for 0.5 seconds...
2020-04-22 00:46:31.349 | INFO     | __main__:<module>:48 - adb shell input keyevent KEYCODE_BACK
2020-04-22 00:46:32.111 | INFO     | __main__:<module>:51 - Sleeping for 0.5 seconds...
2020-04-22 00:46:32.617 | INFO     | __main__:<module>:10 - Capturing...
2020-04-22 00:46:32.618 | INFO     | __main__:<module>:20 - adb shell input tap 543 1832
2020-04-22 00:46:33.255 | INFO     | __main__:<module>:23 - Sleeping for 31 seconds...
2020-04-22 00:47:04.261 | INFO     | __main__:<module>:35 - adb shell input tap 957 1861
2020-04-22 00:47:04.615 | INFO     | __main__:<module>:38 - Sleeping for 0.5 seconds...
2020-04-22 00:47:05.122 | INFO     | __main__:<module>:48 - adb shell input keyevent KEYCODE_BACK
2020-04-22 00:47:05.501 | INFO     | __main__:<module>:51 - Sleeping for 0.5 seconds...
2020-04-22 00:47:06.006 | INFO     | __main__:<module>:10 - Capturing...
2020-04-22 00:47:06.007 | INFO     | __main__:<module>:20 - adb shell input tap 543 1832
2020-04-22 00:47:06.475 | INFO     | __main__:<module>:23 - Sleeping for 31 seconds...
2020-04-22 00:48:16.480 | INFO     | __main__:<module>:7 - Starting to capture in 20 seconds
2020-04-22 00:48:36.482 | INFO     | __main__:<module>:12 - Capturing 1...
2020-04-22 00:48:36.482 | INFO     | __main__:<module>:22 - adb shell input tap 543 1832
2020-04-22 00:48:37.027 | INFO     | __main__:<module>:25 - Sleeping for 31 seconds...
2020-04-22 00:49:08.035 | INFO     | __main__:<module>:37 - adb shell input tap 957 1861
2020-04-22 00:49:08.561 | INFO     | __main__:<module>:40 - Sleeping for 0.5 seconds...
2020-04-22 00:49:09.063 | INFO     | __main__:<module>:50 - adb shell input keyevent KEYCODE_BACK
2020-04-22 00:49:09.667 | INFO     | __main__:<module>:53 - Sleeping for 0.5 seconds...
2020-04-22 00:49:10.171 | INFO     | __main__:<module>:12 - Capturing 2...
2020-04-22 00:49:10.172 | INFO     | __main__:<module>:22 - adb shell input tap 543 1832
2020-04-22 00:49:10.655 | INFO     | __main__:<module>:25 - Sleeping for 31 seconds...
2020-04-22 00:49:41.666 | INFO     | __main__:<module>:37 - adb shell input tap 957 1861
2020-04-22 00:49:42.153 | INFO     | __main__:<module>:40 - Sleeping for 0.5 seconds...
2020-04-22 00:49:42.655 | INFO     | __main__:<module>:50 - adb shell input keyevent KEYCODE_BACK
2020-04-22 00:49:43.140 | INFO     | __main__:<module>:53 - Sleeping for 0.5 seconds...
2020-04-22 00:49:43.646 | INFO     | __main__:<module>:12 - Capturing 3...
2020-04-22 00:49:43.647 | INFO     | __main__:<module>:22 - adb shell input tap 543 1832
2020-04-22 00:49:44.191 | INFO     | __main__:<module>:25 - Sleeping for 31 seconds...
2020-04-22 00:50:15.198 | INFO     | __main__:<module>:37 - adb shell input tap 957 1861
2020-04-22 00:50:15.706 | INFO     | __main__:<module>:40 - Sleeping for 0.5 seconds...
2020-04-22 00:50:16.209 | INFO     | __main__:<module>:50 - adb shell input keyevent KEYCODE_BACK
2020-04-22 00:50:16.790 | INFO     | __main__:<module>:53 - Sleeping for 0.5 seconds...
2020-04-22 00:50:17.294 | INFO     | __main__:<module>:12 - Capturing 4...
2020-04-22 00:50:17.294 | INFO     | __main__:<module>:22 - adb shell input tap 543 1832
2020-04-22 00:50:17.768 | INFO     | __main__:<module>:25 - Sleeping for 31 seconds...
2020-04-22 00:50:48.774 | INFO     | __main__:<module>:37 - adb shell input tap 957 1861
2020-04-22 00:50:49.288 | INFO     | __main__:<module>:40 - Sleeping for 0.5 seconds...
2020-04-22 00:50:49.796 | INFO     | __main__:<module>:50 - adb shell input keyevent KEYCODE_BACK
2020-04-22 00:50:50.433 | INFO     | __main__:<module>:53 - Sleeping for 0.5 seconds...
2020-04-22 00:50:50.935 | INFO     | __main__:<module>:12 - Capturing 5...
2020-04-22 00:50:50.936 | INFO     | __main__:<module>:22 - adb shell input tap 543 1832
2020-04-22 00:50:51.349 | INFO     | __main__:<module>:25 - Sleeping for 31 seconds...
2020-04-22 00:51:22.357 | INFO     | __main__:<module>:37 - adb shell input tap 957 1861
2020-04-22 00:51:22.920 | INFO     | __main__:<module>:40 - Sleeping for 0.5 seconds...
2020-04-22 00:51:23.427 | INFO     | __main__:<module>:50 - adb shell input keyevent KEYCODE_BACK
2020-04-22 00:51:23.850 | INFO     | __main__:<module>:53 - Sleeping for 0.5 seconds...
2020-04-22 00:51:24.355 | INFO     | __main__:<module>:12 - Capturing 6...
2020-04-22 00:51:24.356 | INFO     | __main__:<module>:22 - adb shell input tap 543 1832
2020-04-22 00:51:24.839 | INFO     | __main__:<module>:25 - Sleeping for 31 seconds...
2020-04-22 00:51:55.842 | INFO     | __main__:<module>:37 - adb shell input tap 957 1861
2020-04-22 00:51:56.385 | INFO     | __main__:<module>:40 - Sleeping for 0.5 seconds...
2020-04-22 00:51:56.888 | INFO     | __main__:<module>:50 - adb shell input keyevent KEYCODE_BACK
2020-04-22 00:51:57.458 | INFO     | __main__:<module>:53 - Sleeping for 0.5 seconds...
2020-04-22 00:51:57.959 | INFO     | __main__:<module>:12 - Capturing 7...
2020-04-22 00:51:57.960 | INFO     | __main__:<module>:22 - adb shell input tap 543 1832
2020-04-22 00:51:58.352 | INFO     | __main__:<module>:25 - Sleeping for 31 seconds...
2020-04-22 00:52:29.355 | INFO     | __main__:<module>:37 - adb shell input tap 957 1861
2020-04-22 00:52:29.867 | INFO     | __main__:<module>:40 - Sleeping for 0.5 seconds...
2020-04-22 00:52:30.371 | INFO     | __main__:<module>:50 - adb shell input keyevent KEYCODE_BACK
2020-04-22 00:52:30.991 | INFO     | __main__:<module>:53 - Sleeping for 0.5 seconds...
2020-04-22 00:52:31.495 | INFO     | __main__:<module>:12 - Capturing 8...
2020-04-22 00:52:31.496 | INFO     | __main__:<module>:22 - adb shell input tap 543 1832
2020-04-22 00:52:32.013 | INFO     | __main__:<module>:25 - Sleeping for 31 seconds...
2020-04-22 00:53:03.016 | INFO     | __main__:<module>:37 - adb shell input tap 957 1861
2020-04-22 00:53:03.551 | INFO     | __main__:<module>:40 - Sleeping for 0.5 seconds...
2020-04-22 00:53:04.057 | INFO     | __main__:<module>:50 - adb shell input keyevent KEYCODE_BACK
2020-04-22 00:53:04.679 | INFO     | __main__:<module>:53 - Sleeping for 0.5 seconds...
2020-04-22 00:53:05.184 | INFO     | __main__:<module>:12 - Capturing 9...
2020-04-22 00:53:05.185 | INFO     | __main__:<module>:22 - adb shell input tap 543 1832
2020-04-22 00:53:05.702 | INFO     | __main__:<module>:25 - Sleeping for 31 seconds...
2020-04-22 00:53:36.707 | INFO     | __main__:<module>:37 - adb shell input tap 957 1861
2020-04-22 00:53:37.245 | INFO     | __main__:<module>:40 - Sleeping for 0.5 seconds...
2020-04-22 00:53:37.751 | INFO     | __main__:<module>:50 - adb shell input keyevent KEYCODE_BACK
2020-04-22 00:53:38.369 | INFO     | __main__:<module>:53 - Sleeping for 0.5 seconds...
2020-04-22 00:53:38.874 | INFO     | __main__:<module>:12 - Capturing 10...
2020-04-22 00:53:38.875 | INFO     | __main__:<module>:22 - adb shell input tap 543 1832
2020-04-22 00:53:39.350 | INFO     | __main__:<module>:25 - Sleeping for 31 seconds...
2020-04-22 00:54:10.357 | INFO     | __main__:<module>:37 - adb shell input tap 957 1861
2020-04-22 00:54:10.828 | INFO     | __main__:<module>:40 - Sleeping for 0.5 seconds...
2020-04-22 00:54:11.331 | INFO     | __main__:<module>:50 - adb shell input keyevent KEYCODE_BACK
2020-04-22 00:54:11.876 | INFO     | __main__:<module>:53 - Sleeping for 0.5 seconds...
2020-04-22 00:54:12.382 | INFO     | __main__:<module>:12 - Capturing 11...
2020-04-22 00:54:12.382 | INFO     | __main__:<module>:22 - adb shell input tap 543 1832
2020-04-22 00:54:12.995 | INFO     | __main__:<module>:25 - Sleeping for 31 seconds...
2020-04-22 00:54:44.000 | INFO     | __main__:<module>:37 - adb shell input tap 957 1861
2020-04-22 00:54:44.438 | INFO     | __main__:<module>:40 - Sleeping for 0.5 seconds...
2020-04-22 00:54:44.943 | INFO     | __main__:<module>:50 - adb shell input keyevent KEYCODE_BACK
2020-04-22 00:54:45.467 | INFO     | __main__:<module>:53 - Sleeping for 0.5 seconds...
2020-04-22 00:54:45.972 | INFO     | __main__:<module>:12 - Capturing 12...
2020-04-22 00:54:45.972 | INFO     | __main__:<module>:22 - adb shell input tap 543 1832
2020-04-22 00:54:46.414 | INFO     | __main__:<module>:25 - Sleeping for 31 seconds...
2020-04-22 00:55:17.421 | INFO     | __main__:<module>:37 - adb shell input tap 957 1861
2020-04-22 00:55:17.889 | INFO     | __main__:<module>:40 - Sleeping for 0.5 seconds...
2020-04-22 00:55:18.390 | INFO     | __main__:<module>:50 - adb shell input keyevent KEYCODE_BACK
2020-04-22 00:55:18.916 | INFO     | __main__:<module>:53 - Sleeping for 0.5 seconds...
2020-04-22 00:55:19.421 | INFO     | __main__:<module>:12 - Capturing 13...
2020-04-22 00:55:19.422 | INFO     | __main__:<module>:22 - adb shell input tap 543 1832
2020-04-22 00:55:19.938 | INFO     | __main__:<module>:25 - Sleeping for 31 seconds...
2020-04-22 00:55:50.943 | INFO     | __main__:<module>:37 - adb shell input tap 957 1861
2020-04-22 00:55:51.591 | INFO     | __main__:<module>:40 - Sleeping for 0.5 seconds...
2020-04-22 00:55:52.098 | INFO     | __main__:<module>:50 - adb shell input keyevent KEYCODE_BACK
2020-04-22 00:55:52.572 | INFO     | __main__:<module>:53 - Sleeping for 0.5 seconds...
2020-04-22 00:55:53.078 | INFO     | __main__:<module>:12 - Capturing 14...
2020-04-22 00:55:53.078 | INFO     | __main__:<module>:22 - adb shell input tap 543 1832
2020-04-22 00:55:53.640 | INFO     | __main__:<module>:25 - Sleeping for 31 seconds...
2020-04-22 00:56:24.642 | INFO     | __main__:<module>:37 - adb shell input tap 957 1861
2020-04-22 00:56:25.154 | INFO     | __main__:<module>:40 - Sleeping for 0.5 seconds...
2020-04-22 00:56:25.658 | INFO     | __main__:<module>:50 - adb shell input keyevent KEYCODE_BACK
2020-04-22 00:56:26.183 | INFO     | __main__:<module>:53 - Sleeping for 0.5 seconds...
2020-04-22 00:56:26.685 | INFO     | __main__:<module>:12 - Capturing 15...
2020-04-22 00:56:26.686 | INFO     | __main__:<module>:22 - adb shell input tap 543 1832
2020-04-22 00:56:27.210 | INFO     | __main__:<module>:25 - Sleeping for 31 seconds...
2020-04-22 00:56:58.216 | INFO     | __main__:<module>:37 - adb shell input tap 957 1861
2020-04-22 00:56:58.666 | INFO     | __main__:<module>:40 - Sleeping for 0.5 seconds...
2020-04-22 00:56:59.172 | INFO     | __main__:<module>:50 - adb shell input keyevent KEYCODE_BACK
2020-04-22 00:56:59.700 | INFO     | __main__:<module>:53 - Sleeping for 0.5 seconds...
2020-04-22 00:57:00.205 | INFO     | __main__:<module>:12 - Capturing 16...
2020-04-22 00:57:00.206 | INFO     | __main__:<module>:22 - adb shell input tap 543 1832
2020-04-22 00:57:00.679 | INFO     | __main__:<module>:25 - Sleeping for 31 seconds...
2020-04-22 00:57:31.683 | INFO     | __main__:<module>:37 - adb shell input tap 957 1861
2020-04-22 00:57:32.092 | INFO     | __main__:<module>:40 - Sleeping for 0.5 seconds...
2020-04-22 00:57:32.599 | INFO     | __main__:<module>:50 - adb shell input keyevent KEYCODE_BACK
2020-04-22 00:57:33.085 | INFO     | __main__:<module>:53 - Sleeping for 0.5 seconds...
2020-04-22 00:57:33.587 | INFO     | __main__:<module>:12 - Capturing 17...
2020-04-22 00:57:33.587 | INFO     | __main__:<module>:22 - adb shell input tap 543 1832
2020-04-22 00:57:34.015 | INFO     | __main__:<module>:25 - Sleeping for 31 seconds...
2020-04-22 00:58:05.020 | INFO     | __main__:<module>:37 - adb shell input tap 957 1861
2020-04-22 00:58:05.515 | INFO     | __main__:<module>:40 - Sleeping for 0.5 seconds...
2020-04-22 00:58:06.021 | INFO     | __main__:<module>:50 - adb shell input keyevent KEYCODE_BACK
2020-04-22 00:58:06.534 | INFO     | __main__:<module>:53 - Sleeping for 0.5 seconds...
2020-04-22 00:58:07.038 | INFO     | __main__:<module>:12 - Capturing 18...
2020-04-22 00:58:07.039 | INFO     | __main__:<module>:22 - adb shell input tap 543 1832
2020-04-22 00:58:07.398 | INFO     | __main__:<module>:25 - Sleeping for 31 seconds...
2020-04-22 00:58:38.402 | INFO     | __main__:<module>:37 - adb shell input tap 957 1861
2020-04-22 00:58:38.856 | INFO     | __main__:<module>:40 - Sleeping for 0.5 seconds...
2020-04-22 00:58:39.361 | INFO     | __main__:<module>:50 - adb shell input keyevent KEYCODE_BACK
2020-04-22 00:58:39.838 | INFO     | __main__:<module>:53 - Sleeping for 0.5 seconds...
2020-04-22 00:58:40.340 | INFO     | __main__:<module>:12 - Capturing 19...
2020-04-22 00:58:40.340 | INFO     | __main__:<module>:22 - adb shell input tap 543 1832
2020-04-22 00:58:40.856 | INFO     | __main__:<module>:25 - Sleeping for 31 seconds...
2020-04-22 00:59:11.862 | INFO     | __main__:<module>:37 - adb shell input tap 957 1861
2020-04-22 00:59:12.380 | INFO     | __main__:<module>:40 - Sleeping for 0.5 seconds...
2020-04-22 00:59:12.885 | INFO     | __main__:<module>:50 - adb shell input keyevent KEYCODE_BACK
2020-04-22 00:59:13.425 | INFO     | __main__:<module>:53 - Sleeping for 0.5 seconds...
2020-04-22 00:59:13.926 | INFO     | __main__:<module>:12 - Capturing 20...
2020-04-22 00:59:13.927 | INFO     | __main__:<module>:22 - adb shell input tap 543 1832
2020-04-22 00:59:14.417 | INFO     | __main__:<module>:25 - Sleeping for 31 seconds...
2020-04-22 00:59:45.425 | INFO     | __main__:<module>:37 - adb shell input tap 957 1861
2020-04-22 00:59:45.860 | INFO     | __main__:<module>:40 - Sleeping for 0.5 seconds...
2020-04-22 00:59:46.363 | INFO     | __main__:<module>:50 - adb shell input keyevent KEYCODE_BACK
2020-04-22 00:59:46.932 | INFO     | __main__:<module>:53 - Sleeping for 0.5 seconds...
2020-04-22 00:59:47.435 | INFO     | __main__:<module>:12 - Capturing 21...
2020-04-22 00:59:47.436 | INFO     | __main__:<module>:22 - adb shell input tap 543 1832
2020-04-22 00:59:47.918 | INFO     | __main__:<module>:25 - Sleeping for 31 seconds...
2020-04-22 01:00:18.925 | INFO     | __main__:<module>:37 - adb shell input tap 957 1861
2020-04-22 01:00:19.459 | INFO     | __main__:<module>:40 - Sleeping for 0.5 seconds...
2020-04-22 01:00:19.966 | INFO     | __main__:<module>:50 - adb shell input keyevent KEYCODE_BACK
2020-04-22 01:00:20.508 | INFO     | __main__:<module>:53 - Sleeping for 0.5 seconds...
2020-04-22 01:00:21.016 | INFO     | __main__:<module>:12 - Capturing 22...
2020-04-22 01:00:21.017 | INFO     | __main__:<module>:22 - adb shell input tap 543 1832
2020-04-22 01:00:21.498 | INFO     | __main__:<module>:25 - Sleeping for 31 seconds...
2020-04-22 01:00:52.506 | INFO     | __main__:<module>:37 - adb shell input tap 957 1861
2020-04-22 01:00:53.057 | INFO     | __main__:<module>:40 - Sleeping for 0.5 seconds...
2020-04-22 01:00:53.562 | INFO     | __main__:<module>:50 - adb shell input keyevent KEYCODE_BACK
2020-04-22 01:00:54.048 | INFO     | __main__:<module>:53 - Sleeping for 0.5 seconds...
2020-04-22 01:00:54.551 | INFO     | __main__:<module>:12 - Capturing 23...
2020-04-22 01:00:54.552 | INFO     | __main__:<module>:22 - adb shell input tap 543 1832
2020-04-22 01:00:55.023 | INFO     | __main__:<module>:25 - Sleeping for 31 seconds...
2020-04-22 01:01:26.028 | INFO     | __main__:<module>:37 - adb shell input tap 957 1861
2020-04-22 01:01:26.503 | INFO     | __main__:<module>:40 - Sleeping for 0.5 seconds...
2020-04-22 01:01:27.006 | INFO     | __main__:<module>:50 - adb shell input keyevent KEYCODE_BACK
2020-04-22 01:01:27.465 | INFO     | __main__:<module>:53 - Sleeping for 0.5 seconds...
2020-04-22 01:01:27.969 | INFO     | __main__:<module>:12 - Capturing 24...
2020-04-22 01:01:27.971 | INFO     | __main__:<module>:22 - adb shell input tap 543 1832
2020-04-22 01:01:28.374 | INFO     | __main__:<module>:25 - Sleeping for 31 seconds...
2020-04-22 01:01:59.377 | INFO     | __main__:<module>:37 - adb shell input tap 957 1861
2020-04-22 01:01:59.928 | INFO     | __main__:<module>:40 - Sleeping for 0.5 seconds...
2020-04-22 01:02:00.429 | INFO     | __main__:<module>:50 - adb shell input keyevent KEYCODE_BACK
2020-04-22 01:02:00.959 | INFO     | __main__:<module>:53 - Sleeping for 0.5 seconds...
2020-04-22 01:02:01.465 | INFO     | __main__:<module>:12 - Capturing 25...
2020-04-22 01:02:01.465 | INFO     | __main__:<module>:22 - adb shell input tap 543 1832
2020-04-22 01:02:01.892 | INFO     | __main__:<module>:25 - Sleeping for 31 seconds...
2020-04-22 01:02:32.895 | INFO     | __main__:<module>:37 - adb shell input tap 957 1861
2020-04-22 01:02:33.381 | INFO     | __main__:<module>:40 - Sleeping for 0.5 seconds...
2020-04-22 01:02:33.883 | INFO     | __main__:<module>:50 - adb shell input keyevent KEYCODE_BACK
2020-04-22 01:02:34.328 | INFO     | __main__:<module>:53 - Sleeping for 0.5 seconds...
2020-04-22 01:02:34.831 | INFO     | __main__:<module>:12 - Capturing 26...
2020-04-22 01:02:34.832 | INFO     | __main__:<module>:22 - adb shell input tap 543 1832
2020-04-22 01:02:35.254 | INFO     | __main__:<module>:25 - Sleeping for 31 seconds...
2020-04-22 01:03:06.264 | INFO     | __main__:<module>:37 - adb shell input tap 957 1861
2020-04-22 01:03:06.692 | INFO     | __main__:<module>:40 - Sleeping for 0.5 seconds...
2020-04-22 01:03:07.193 | INFO     | __main__:<module>:50 - adb shell input keyevent KEYCODE_BACK
2020-04-22 01:03:07.652 | INFO     | __main__:<module>:53 - Sleeping for 0.5 seconds...
2020-04-22 01:03:08.157 | INFO     | __main__:<module>:12 - Capturing 27...
2020-04-22 01:03:08.159 | INFO     | __main__:<module>:22 - adb shell input tap 543 1832
2020-04-22 01:03:08.553 | INFO     | __main__:<module>:25 - Sleeping for 31 seconds...
2020-04-22 01:03:39.559 | INFO     | __main__:<module>:37 - adb shell input tap 957 1861
2020-04-22 01:03:39.991 | INFO     | __main__:<module>:40 - Sleeping for 0.5 seconds...
2020-04-22 01:03:40.495 | INFO     | __main__:<module>:50 - adb shell input keyevent KEYCODE_BACK
2020-04-22 01:03:40.968 | INFO     | __main__:<module>:53 - Sleeping for 0.5 seconds...
2020-04-22 01:03:41.471 | INFO     | __main__:<module>:12 - Capturing 28...
2020-04-22 01:03:41.472 | INFO     | __main__:<module>:22 - adb shell input tap 543 1832
2020-04-22 01:03:41.851 | INFO     | __main__:<module>:25 - Sleeping for 31 seconds...
2020-04-22 01:04:12.856 | INFO     | __main__:<module>:37 - adb shell input tap 957 1861
2020-04-22 01:04:13.481 | INFO     | __main__:<module>:40 - Sleeping for 0.5 seconds...
2020-04-22 01:04:13.989 | INFO     | __main__:<module>:50 - adb shell input keyevent KEYCODE_BACK
2020-04-22 01:04:14.392 | INFO     | __main__:<module>:53 - Sleeping for 0.5 seconds...
2020-04-22 01:04:14.898 | INFO     | __main__:<module>:12 - Capturing 29...
2020-04-22 01:04:14.899 | INFO     | __main__:<module>:22 - adb shell input tap 543 1832
2020-04-22 01:04:15.308 | INFO     | __main__:<module>:25 - Sleeping for 31 seconds...
2020-04-22 01:04:46.315 | INFO     | __main__:<module>:37 - adb shell input tap 957 1861
2020-04-22 01:04:46.904 | INFO     | __main__:<module>:40 - Sleeping for 0.5 seconds...
2020-04-22 01:04:47.409 | INFO     | __main__:<module>:50 - adb shell input keyevent KEYCODE_BACK
2020-04-22 01:04:47.833 | INFO     | __main__:<module>:53 - Sleeping for 0.5 seconds...
2020-04-22 01:04:48.338 | INFO     | __main__:<module>:12 - Capturing 30...
2020-04-22 01:04:48.339 | INFO     | __main__:<module>:22 - adb shell input tap 543 1832
2020-04-22 01:04:48.873 | INFO     | __main__:<module>:25 - Sleeping for 31 seconds...
2020-04-22 01:05:19.876 | INFO     | __main__:<module>:37 - adb shell input tap 957 1861
2020-04-22 01:05:20.314 | INFO     | __main__:<module>:40 - Sleeping for 0.5 seconds...
2020-04-22 01:05:20.819 | INFO     | __main__:<module>:50 - adb shell input keyevent KEYCODE_BACK
2020-04-22 01:05:21.240 | INFO     | __main__:<module>:53 - Sleeping for 0.5 seconds...
2020-04-22 01:05:21.744 | INFO     | __main__:<module>:12 - Capturing 31...
2020-04-22 01:05:21.745 | INFO     | __main__:<module>:22 - adb shell input tap 543 1832
2020-04-22 01:05:22.169 | INFO     | __main__:<module>:25 - Sleeping for 31 seconds...
2020-04-22 01:05:53.173 | INFO     | __main__:<module>:37 - adb shell input tap 957 1861
2020-04-22 01:05:53.596 | INFO     | __main__:<module>:40 - Sleeping for 0.5 seconds...
2020-04-22 01:05:54.097 | INFO     | __main__:<module>:50 - adb shell input keyevent KEYCODE_BACK
2020-04-22 01:05:54.513 | INFO     | __main__:<module>:53 - Sleeping for 0.5 seconds...
2020-04-22 01:05:55.019 | INFO     | __main__:<module>:12 - Capturing 32...
2020-04-22 01:05:55.019 | INFO     | __main__:<module>:22 - adb shell input tap 543 1832
2020-04-22 01:05:55.428 | INFO     | __main__:<module>:25 - Sleeping for 31 seconds...
2020-04-22 01:06:26.432 | INFO     | __main__:<module>:37 - adb shell input tap 957 1861
2020-04-22 01:06:26.846 | INFO     | __main__:<module>:40 - Sleeping for 0.5 seconds...
2020-04-22 01:06:27.350 | INFO     | __main__:<module>:50 - adb shell input keyevent KEYCODE_BACK
2020-04-22 01:06:27.763 | INFO     | __main__:<module>:53 - Sleeping for 0.5 seconds...
2020-04-22 01:06:28.267 | INFO     | __main__:<module>:12 - Capturing 33...
2020-04-22 01:06:28.268 | INFO     | __main__:<module>:22 - adb shell input tap 543 1832
2020-04-22 01:06:28.680 | INFO     | __main__:<module>:25 - Sleeping for 31 seconds...
2020-04-22 01:06:59.685 | INFO     | __main__:<module>:37 - adb shell input tap 957 1861
2020-04-22 01:07:00.115 | INFO     | __main__:<module>:40 - Sleeping for 0.5 seconds...
2020-04-22 01:07:00.618 | INFO     | __main__:<module>:50 - adb shell input keyevent KEYCODE_BACK
2020-04-22 01:07:01.016 | INFO     | __main__:<module>:53 - Sleeping for 0.5 seconds...
2020-04-22 01:07:01.517 | INFO     | __main__:<module>:12 - Capturing 34...
2020-04-22 01:07:01.518 | INFO     | __main__:<module>:22 - adb shell input tap 543 1832
2020-04-22 01:07:01.953 | INFO     | __main__:<module>:25 - Sleeping for 31 seconds...
2020-04-22 01:07:32.958 | INFO     | __main__:<module>:37 - adb shell input tap 957 1861
2020-04-22 01:07:33.353 | INFO     | __main__:<module>:40 - Sleeping for 0.5 seconds...
2020-04-22 01:07:33.857 | INFO     | __main__:<module>:50 - adb shell input keyevent KEYCODE_BACK
2020-04-22 01:07:34.335 | INFO     | __main__:<module>:53 - Sleeping for 0.5 seconds...
2020-04-22 01:07:34.840 | INFO     | __main__:<module>:12 - Capturing 35...
2020-04-22 01:07:34.841 | INFO     | __main__:<module>:22 - adb shell input tap 543 1832
2020-04-22 01:07:35.232 | INFO     | __main__:<module>:25 - Sleeping for 31 seconds...
2020-04-22 01:08:06.237 | INFO     | __main__:<module>:37 - adb shell input tap 957 1861
2020-04-22 01:08:06.657 | INFO     | __main__:<module>:40 - Sleeping for 0.5 seconds...
2020-04-22 01:08:07.160 | INFO     | __main__:<module>:50 - adb shell input keyevent KEYCODE_BACK
2020-04-22 01:08:07.575 | INFO     | __main__:<module>:53 - Sleeping for 0.5 seconds...
2020-04-22 01:08:08.078 | INFO     | __main__:<module>:12 - Capturing 36...
2020-04-22 01:08:08.079 | INFO     | __main__:<module>:22 - adb shell input tap 543 1832
2020-04-22 01:08:08.466 | INFO     | __main__:<module>:25 - Sleeping for 31 seconds...
2020-04-22 01:08:39.473 | INFO     | __main__:<module>:37 - adb shell input tap 957 1861
2020-04-22 01:08:39.921 | INFO     | __main__:<module>:40 - Sleeping for 0.5 seconds...
2020-04-22 01:08:40.423 | INFO     | __main__:<module>:50 - adb shell input keyevent KEYCODE_BACK
2020-04-22 01:08:40.881 | INFO     | __main__:<module>:53 - Sleeping for 0.5 seconds...
2020-04-22 01:08:41.382 | INFO     | __main__:<module>:12 - Capturing 37...
2020-04-22 01:08:41.383 | INFO     | __main__:<module>:22 - adb shell input tap 543 1832
2020-04-22 01:08:41.768 | INFO     | __main__:<module>:25 - Sleeping for 31 seconds...
2020-04-22 01:09:12.773 | INFO     | __main__:<module>:37 - adb shell input tap 957 1861
2020-04-22 01:09:13.170 | INFO     | __main__:<module>:40 - Sleeping for 0.5 seconds...
2020-04-22 01:09:13.671 | INFO     | __main__:<module>:50 - adb shell input keyevent KEYCODE_BACK
2020-04-22 01:09:14.088 | INFO     | __main__:<module>:53 - Sleeping for 0.5 seconds...
2020-04-22 01:09:14.591 | INFO     | __main__:<module>:12 - Capturing 38...
2020-04-22 01:09:14.591 | INFO     | __main__:<module>:22 - adb shell input tap 543 1832
2020-04-22 01:09:15.077 | INFO     | __main__:<module>:25 - Sleeping for 31 seconds...
2020-04-22 01:09:46.084 | INFO     | __main__:<module>:37 - adb shell input tap 957 1861
2020-04-22 01:09:46.474 | INFO     | __main__:<module>:40 - Sleeping for 0.5 seconds...
2020-04-22 01:09:46.981 | INFO     | __main__:<module>:50 - adb shell input keyevent KEYCODE_BACK
2020-04-22 01:09:47.426 | INFO     | __main__:<module>:53 - Sleeping for 0.5 seconds...
2020-04-22 01:09:47.931 | INFO     | __main__:<module>:12 - Capturing 39...
2020-04-22 01:09:47.932 | INFO     | __main__:<module>:22 - adb shell input tap 543 1832
2020-04-22 01:09:48.375 | INFO     | __main__:<module>:25 - Sleeping for 31 seconds...
2020-04-22 01:10:19.380 | INFO     | __main__:<module>:37 - adb shell input tap 957 1861
2020-04-22 01:10:19.772 | INFO     | __main__:<module>:40 - Sleeping for 0.5 seconds...
2020-04-22 01:10:20.277 | INFO     | __main__:<module>:50 - adb shell input keyevent KEYCODE_BACK
2020-04-22 01:10:20.666 | INFO     | __main__:<module>:53 - Sleeping for 0.5 seconds...
2020-04-22 01:10:21.171 | INFO     | __main__:<module>:12 - Capturing 40...
2020-04-22 01:10:21.172 | INFO     | __main__:<module>:22 - adb shell input tap 543 1832
2020-04-22 01:10:21.619 | INFO     | __main__:<module>:25 - Sleeping for 31 seconds...
2020-04-22 01:10:52.622 | INFO     | __main__:<module>:37 - adb shell input tap 957 1861
2020-04-22 01:10:53.036 | INFO     | __main__:<module>:40 - Sleeping for 0.5 seconds...
2020-04-22 01:10:53.541 | INFO     | __main__:<module>:50 - adb shell input keyevent KEYCODE_BACK
2020-04-22 01:10:54.046 | INFO     | __main__:<module>:53 - Sleeping for 0.5 seconds...
2020-04-22 01:10:54.551 | INFO     | __main__:<module>:12 - Capturing 41...
2020-04-22 01:10:54.553 | INFO     | __main__:<module>:22 - adb shell input tap 543 1832
2020-04-22 01:10:54.940 | INFO     | __main__:<module>:25 - Sleeping for 31 seconds...
2020-04-22 01:11:25.944 | INFO     | __main__:<module>:37 - adb shell input tap 957 1861
2020-04-22 01:11:26.343 | INFO     | __main__:<module>:40 - Sleeping for 0.5 seconds...
2020-04-22 01:11:26.844 | INFO     | __main__:<module>:50 - adb shell input keyevent KEYCODE_BACK
2020-04-22 01:11:27.254 | INFO     | __main__:<module>:53 - Sleeping for 0.5 seconds...
2020-04-22 01:11:27.759 | INFO     | __main__:<module>:12 - Capturing 42...
2020-04-22 01:11:27.760 | INFO     | __main__:<module>:22 - adb shell input tap 543 1832
2020-04-22 01:11:28.198 | INFO     | __main__:<module>:25 - Sleeping for 31 seconds...
2020-04-22 01:11:59.202 | INFO     | __main__:<module>:37 - adb shell input tap 957 1861
2020-04-22 01:11:59.657 | INFO     | __main__:<module>:40 - Sleeping for 0.5 seconds...
2020-04-22 01:12:00.160 | INFO     | __main__:<module>:50 - adb shell input keyevent KEYCODE_BACK
2020-04-22 01:12:00.630 | INFO     | __main__:<module>:53 - Sleeping for 0.5 seconds...
2020-04-22 01:12:01.134 | INFO     | __main__:<module>:12 - Capturing 43...
2020-04-22 01:12:01.135 | INFO     | __main__:<module>:22 - adb shell input tap 543 1832
2020-04-22 01:12:01.551 | INFO     | __main__:<module>:25 - Sleeping for 31 seconds...
2020-04-22 01:12:32.555 | INFO     | __main__:<module>:37 - adb shell input tap 957 1861
2020-04-22 01:12:32.989 | INFO     | __main__:<module>:40 - Sleeping for 0.5 seconds...
2020-04-22 01:12:33.493 | INFO     | __main__:<module>:50 - adb shell input keyevent KEYCODE_BACK
2020-04-22 01:12:33.902 | INFO     | __main__:<module>:53 - Sleeping for 0.5 seconds...
2020-04-22 01:12:34.407 | INFO     | __main__:<module>:12 - Capturing 44...
2020-04-22 01:12:34.408 | INFO     | __main__:<module>:22 - adb shell input tap 543 1832
2020-04-22 01:12:34.835 | INFO     | __main__:<module>:25 - Sleeping for 31 seconds...
2020-04-22 01:13:05.838 | INFO     | __main__:<module>:37 - adb shell input tap 957 1861
2020-04-22 01:13:06.271 | INFO     | __main__:<module>:40 - Sleeping for 0.5 seconds...
2020-04-22 01:13:06.778 | INFO     | __main__:<module>:50 - adb shell input keyevent KEYCODE_BACK
2020-04-22 01:13:07.202 | INFO     | __main__:<module>:53 - Sleeping for 0.5 seconds...
2020-04-22 01:13:07.708 | INFO     | __main__:<module>:12 - Capturing 45...
2020-04-22 01:13:07.708 | INFO     | __main__:<module>:22 - adb shell input tap 543 1832
2020-04-22 01:13:08.139 | INFO     | __main__:<module>:25 - Sleeping for 31 seconds...
2020-04-22 01:13:39.145 | INFO     | __main__:<module>:37 - adb shell input tap 957 1861
2020-04-22 01:13:39.573 | INFO     | __main__:<module>:40 - Sleeping for 0.5 seconds...
2020-04-22 01:13:40.077 | INFO     | __main__:<module>:50 - adb shell input keyevent KEYCODE_BACK
2020-04-22 01:13:40.591 | INFO     | __main__:<module>:53 - Sleeping for 0.5 seconds...
2020-04-22 01:13:41.097 | INFO     | __main__:<module>:12 - Capturing 46...
2020-04-22 01:13:41.098 | INFO     | __main__:<module>:22 - adb shell input tap 543 1832
2020-04-22 01:13:41.541 | INFO     | __main__:<module>:25 - Sleeping for 31 seconds...
2020-04-22 01:14:12.548 | INFO     | __main__:<module>:37 - adb shell input tap 957 1861
2020-04-22 01:14:12.971 | INFO     | __main__:<module>:40 - Sleeping for 0.5 seconds...
2020-04-22 01:14:13.479 | INFO     | __main__:<module>:50 - adb shell input keyevent KEYCODE_BACK
2020-04-22 01:14:13.916 | INFO     | __main__:<module>:53 - Sleeping for 0.5 seconds...
2020-04-22 01:14:14.421 | INFO     | __main__:<module>:12 - Capturing 47...
2020-04-22 01:14:14.423 | INFO     | __main__:<module>:22 - adb shell input tap 543 1832
2020-04-22 01:14:14.836 | INFO     | __main__:<module>:25 - Sleeping for 31 seconds...
2020-04-22 01:14:45.841 | INFO     | __main__:<module>:37 - adb shell input tap 957 1861
2020-04-22 01:14:46.238 | INFO     | __main__:<module>:40 - Sleeping for 0.5 seconds...
2020-04-22 01:14:46.743 | INFO     | __main__:<module>:50 - adb shell input keyevent KEYCODE_BACK
2020-04-22 01:14:47.196 | INFO     | __main__:<module>:53 - Sleeping for 0.5 seconds...
2020-04-22 01:14:47.702 | INFO     | __main__:<module>:12 - Capturing 48...
2020-04-22 01:14:47.702 | INFO     | __main__:<module>:22 - adb shell input tap 543 1832
2020-04-22 01:14:48.085 | INFO     | __main__:<module>:25 - Sleeping for 31 seconds...
2020-04-22 01:15:19.090 | INFO     | __main__:<module>:37 - adb shell input tap 957 1861
2020-04-22 01:15:19.515 | INFO     | __main__:<module>:40 - Sleeping for 0.5 seconds...
2020-04-22 01:15:20.018 | INFO     | __main__:<module>:50 - adb shell input keyevent KEYCODE_BACK
2020-04-22 01:15:20.485 | INFO     | __main__:<module>:53 - Sleeping for 0.5 seconds...
2020-04-22 01:15:20.991 | INFO     | __main__:<module>:12 - Capturing 49...
2020-04-22 01:15:20.992 | INFO     | __main__:<module>:22 - adb shell input tap 543 1832
2020-04-22 01:15:21.419 | INFO     | __main__:<module>:25 - Sleeping for 31 seconds...
2020-04-22 01:15:52.423 | INFO     | __main__:<module>:37 - adb shell input tap 957 1861
2020-04-22 01:15:52.950 | INFO     | __main__:<module>:40 - Sleeping for 0.5 seconds...
2020-04-22 01:15:53.455 | INFO     | __main__:<module>:50 - adb shell input keyevent KEYCODE_BACK
2020-04-22 01:15:53.962 | INFO     | __main__:<module>:53 - Sleeping for 0.5 seconds...
2020-04-22 01:15:54.464 | INFO     | __main__:<module>:12 - Capturing 50...
2020-04-22 01:15:54.465 | INFO     | __main__:<module>:22 - adb shell input tap 543 1832
2020-04-22 01:15:54.912 | INFO     | __main__:<module>:25 - Sleeping for 31 seconds...
2020-04-22 01:16:25.918 | INFO     | __main__:<module>:37 - adb shell input tap 957 1861
2020-04-22 01:16:26.421 | INFO     | __main__:<module>:40 - Sleeping for 0.5 seconds...
2020-04-22 01:16:26.922 | INFO     | __main__:<module>:50 - adb shell input keyevent KEYCODE_BACK
2020-04-22 01:16:27.436 | INFO     | __main__:<module>:53 - Sleeping for 0.5 seconds...
2020-04-22 01:16:27.938 | INFO     | __main__:<module>:12 - Capturing 51...
2020-04-22 01:16:27.938 | INFO     | __main__:<module>:22 - adb shell input tap 543 1832
2020-04-22 01:16:28.355 | INFO     | __main__:<module>:25 - Sleeping for 31 seconds...
2020-04-22 01:16:59.361 | INFO     | __main__:<module>:37 - adb shell input tap 957 1861
2020-04-22 01:16:59.749 | INFO     | __main__:<module>:40 - Sleeping for 0.5 seconds...
2020-04-22 01:17:00.255 | INFO     | __main__:<module>:50 - adb shell input keyevent KEYCODE_BACK
2020-04-22 01:17:00.721 | INFO     | __main__:<module>:53 - Sleeping for 0.5 seconds...
2020-04-22 01:17:01.227 | INFO     | __main__:<module>:12 - Capturing 52...
2020-04-22 01:17:01.228 | INFO     | __main__:<module>:22 - adb shell input tap 543 1832
2020-04-22 01:17:01.723 | INFO     | __main__:<module>:25 - Sleeping for 31 seconds...
2020-04-22 01:17:32.730 | INFO     | __main__:<module>:37 - adb shell input tap 957 1861
2020-04-22 01:17:33.149 | INFO     | __main__:<module>:40 - Sleeping for 0.5 seconds...
2020-04-22 01:17:33.656 | INFO     | __main__:<module>:50 - adb shell input keyevent KEYCODE_BACK
2020-04-22 01:17:34.120 | INFO     | __main__:<module>:53 - Sleeping for 0.5 seconds...
2020-04-22 01:17:34.624 | INFO     | __main__:<module>:12 - Capturing 53...
2020-04-22 01:17:34.624 | INFO     | __main__:<module>:22 - adb shell input tap 543 1832
2020-04-22 01:17:35.056 | INFO     | __main__:<module>:25 - Sleeping for 31 seconds...
2020-04-22 01:18:06.062 | INFO     | __main__:<module>:37 - adb shell input tap 957 1861
2020-04-22 01:18:06.453 | INFO     | __main__:<module>:40 - Sleeping for 0.5 seconds...
2020-04-22 01:18:06.959 | INFO     | __main__:<module>:50 - adb shell input keyevent KEYCODE_BACK
2020-04-22 01:18:07.427 | INFO     | __main__:<module>:53 - Sleeping for 0.5 seconds...
2020-04-22 01:18:07.933 | INFO     | __main__:<module>:12 - Capturing 54...
2020-04-22 01:18:07.935 | INFO     | __main__:<module>:22 - adb shell input tap 543 1832
2020-04-22 01:18:08.370 | INFO     | __main__:<module>:25 - Sleeping for 31 seconds...
2020-04-22 01:18:39.374 | INFO     | __main__:<module>:37 - adb shell input tap 957 1861
2020-04-22 01:18:39.800 | INFO     | __main__:<module>:40 - Sleeping for 0.5 seconds...
2020-04-22 01:18:40.305 | INFO     | __main__:<module>:50 - adb shell input keyevent KEYCODE_BACK
2020-04-22 01:18:40.768 | INFO     | __main__:<module>:53 - Sleeping for 0.5 seconds...
2020-04-22 01:18:41.274 | INFO     | __main__:<module>:12 - Capturing 55...
2020-04-22 01:18:41.275 | INFO     | __main__:<module>:22 - adb shell input tap 543 1832
2020-04-22 01:18:41.681 | INFO     | __main__:<module>:25 - Sleeping for 31 seconds...
2020-04-22 01:19:12.685 | INFO     | __main__:<module>:37 - adb shell input tap 957 1861
2020-04-22 01:19:13.097 | INFO     | __main__:<module>:40 - Sleeping for 0.5 seconds...
2020-04-22 01:19:13.604 | INFO     | __main__:<module>:50 - adb shell input keyevent KEYCODE_BACK
2020-04-22 01:19:14.020 | INFO     | __main__:<module>:53 - Sleeping for 0.5 seconds...
2020-04-22 01:19:14.525 | INFO     | __main__:<module>:12 - Capturing 56...
2020-04-22 01:19:14.526 | INFO     | __main__:<module>:22 - adb shell input tap 543 1832
2020-04-22 01:19:14.930 | INFO     | __main__:<module>:25 - Sleeping for 31 seconds...
2020-04-22 01:19:45.935 | INFO     | __main__:<module>:37 - adb shell input tap 957 1861
2020-04-22 01:19:46.339 | INFO     | __main__:<module>:40 - Sleeping for 0.5 seconds...
2020-04-22 01:19:46.843 | INFO     | __main__:<module>:50 - adb shell input keyevent KEYCODE_BACK
2020-04-22 01:19:47.247 | INFO     | __main__:<module>:53 - Sleeping for 0.5 seconds...
2020-04-22 01:19:47.750 | INFO     | __main__:<module>:12 - Capturing 57...
2020-04-22 01:19:47.751 | INFO     | __main__:<module>:22 - adb shell input tap 543 1832
2020-04-22 01:19:48.218 | INFO     | __main__:<module>:25 - Sleeping for 31 seconds...
2020-04-22 01:20:19.244 | INFO     | __main__:<module>:37 - adb shell input tap 957 1861
2020-04-22 01:20:19.655 | INFO     | __main__:<module>:40 - Sleeping for 0.5 seconds...
2020-04-22 01:20:20.159 | INFO     | __main__:<module>:50 - adb shell input keyevent KEYCODE_BACK
2020-04-22 01:20:20.713 | INFO     | __main__:<module>:53 - Sleeping for 0.5 seconds...
2020-04-22 01:20:21.215 | INFO     | __main__:<module>:12 - Capturing 58...
2020-04-22 01:20:21.216 | INFO     | __main__:<module>:22 - adb shell input tap 543 1832
2020-04-22 01:20:21.621 | INFO     | __main__:<module>:25 - Sleeping for 31 seconds...
2020-04-22 01:20:52.634 | INFO     | __main__:<module>:37 - adb shell input tap 957 1861
2020-04-22 01:20:53.101 | INFO     | __main__:<module>:40 - Sleeping for 0.5 seconds...
2020-04-22 01:20:53.604 | INFO     | __main__:<module>:50 - adb shell input keyevent KEYCODE_BACK
2020-04-22 01:20:54.046 | INFO     | __main__:<module>:53 - Sleeping for 0.5 seconds...
2020-04-22 01:20:54.548 | INFO     | __main__:<module>:12 - Capturing 59...
2020-04-22 01:20:54.549 | INFO     | __main__:<module>:22 - adb shell input tap 543 1832
2020-04-22 01:20:55.010 | INFO     | __main__:<module>:25 - Sleeping for 31 seconds...
2020-04-22 01:21:26.016 | INFO     | __main__:<module>:37 - adb shell input tap 957 1861
2020-04-22 01:21:26.496 | INFO     | __main__:<module>:40 - Sleeping for 0.5 seconds...
2020-04-22 01:21:27.001 | INFO     | __main__:<module>:50 - adb shell input keyevent KEYCODE_BACK
2020-04-22 01:21:27.407 | INFO     | __main__:<module>:53 - Sleeping for 0.5 seconds...
2020-04-22 01:21:27.910 | INFO     | __main__:<module>:12 - Capturing 60...
2020-04-22 01:21:27.912 | INFO     | __main__:<module>:22 - adb shell input tap 543 1832
2020-04-22 01:21:28.320 | INFO     | __main__:<module>:25 - Sleeping for 31 seconds...
2020-04-22 01:21:59.323 | INFO     | __main__:<module>:37 - adb shell input tap 957 1861
2020-04-22 01:21:59.736 | INFO     | __main__:<module>:40 - Sleeping for 0.5 seconds...
2020-04-22 01:22:00.241 | INFO     | __main__:<module>:50 - adb shell input keyevent KEYCODE_BACK
2020-04-22 01:22:00.671 | INFO     | __main__:<module>:53 - Sleeping for 0.5 seconds...
2020-04-22 01:22:01.176 | INFO     | __main__:<module>:12 - Capturing 61...
2020-04-22 01:22:01.177 | INFO     | __main__:<module>:22 - adb shell input tap 543 1832
2020-04-22 01:22:01.674 | INFO     | __main__:<module>:25 - Sleeping for 31 seconds...
2020-04-22 01:22:32.681 | INFO     | __main__:<module>:37 - adb shell input tap 957 1861
2020-04-22 01:22:33.124 | INFO     | __main__:<module>:40 - Sleeping for 0.5 seconds...
2020-04-22 01:22:33.625 | INFO     | __main__:<module>:50 - adb shell input keyevent KEYCODE_BACK
2020-04-22 01:22:34.069 | INFO     | __main__:<module>:53 - Sleeping for 0.5 seconds...
2020-04-22 01:22:34.572 | INFO     | __main__:<module>:12 - Capturing 62...
2020-04-22 01:22:34.573 | INFO     | __main__:<module>:22 - adb shell input tap 543 1832
2020-04-22 01:22:34.982 | INFO     | __main__:<module>:25 - Sleeping for 31 seconds...
2020-04-22 01:23:05.988 | INFO     | __main__:<module>:37 - adb shell input tap 957 1861
2020-04-22 01:23:06.372 | INFO     | __main__:<module>:40 - Sleeping for 0.5 seconds...
2020-04-22 01:23:06.874 | INFO     | __main__:<module>:50 - adb shell input keyevent KEYCODE_BACK
2020-04-22 01:23:07.322 | INFO     | __main__:<module>:53 - Sleeping for 0.5 seconds...
2020-04-22 01:23:07.825 | INFO     | __main__:<module>:12 - Capturing 63...
2020-04-22 01:23:07.825 | INFO     | __main__:<module>:22 - adb shell input tap 543 1832
2020-04-22 01:23:08.229 | INFO     | __main__:<module>:25 - Sleeping for 31 seconds...
2020-04-22 01:23:39.235 | INFO     | __main__:<module>:37 - adb shell input tap 957 1861
2020-04-22 01:23:39.698 | INFO     | __main__:<module>:40 - Sleeping for 0.5 seconds...
2020-04-22 01:23:40.204 | INFO     | __main__:<module>:50 - adb shell input keyevent KEYCODE_BACK
2020-04-22 01:23:40.609 | INFO     | __main__:<module>:53 - Sleeping for 0.5 seconds...
2020-04-22 01:23:41.114 | INFO     | __main__:<module>:12 - Capturing 64...
2020-04-22 01:23:41.115 | INFO     | __main__:<module>:22 - adb shell input tap 543 1832
2020-04-22 01:23:41.546 | INFO     | __main__:<module>:25 - Sleeping for 31 seconds...
2020-04-22 01:24:12.552 | INFO     | __main__:<module>:37 - adb shell input tap 957 1861
2020-04-22 01:24:12.954 | INFO     | __main__:<module>:40 - Sleeping for 0.5 seconds...
2020-04-22 01:24:13.459 | INFO     | __main__:<module>:50 - adb shell input keyevent KEYCODE_BACK
2020-04-22 01:24:13.877 | INFO     | __main__:<module>:53 - Sleeping for 0.5 seconds...
2020-04-22 01:24:14.386 | INFO     | __main__:<module>:12 - Capturing 65...
2020-04-22 01:24:14.387 | INFO     | __main__:<module>:22 - adb shell input tap 543 1832
2020-04-22 01:24:14.789 | INFO     | __main__:<module>:25 - Sleeping for 31 seconds...
2020-04-22 01:24:45.794 | INFO     | __main__:<module>:37 - adb shell input tap 957 1861
2020-04-22 01:24:46.264 | INFO     | __main__:<module>:40 - Sleeping for 0.5 seconds...
2020-04-22 01:24:46.768 | INFO     | __main__:<module>:50 - adb shell input keyevent KEYCODE_BACK
2020-04-22 01:24:47.377 | INFO     | __main__:<module>:53 - Sleeping for 0.5 seconds...
2020-04-22 01:24:47.879 | INFO     | __main__:<module>:12 - Capturing 66...
2020-04-22 01:24:47.880 | INFO     | __main__:<module>:22 - adb shell input tap 543 1832
2020-04-22 01:24:48.301 | INFO     | __main__:<module>:25 - Sleeping for 31 seconds...
2020-04-22 01:25:19.307 | INFO     | __main__:<module>:37 - adb shell input tap 957 1861
2020-04-22 01:25:19.830 | INFO     | __main__:<module>:40 - Sleeping for 0.5 seconds...
2020-04-22 01:25:20.333 | INFO     | __main__:<module>:50 - adb shell input keyevent KEYCODE_BACK
2020-04-22 01:25:20.850 | INFO     | __main__:<module>:53 - Sleeping for 0.5 seconds...
2020-04-22 01:25:21.355 | INFO     | __main__:<module>:12 - Capturing 67...
2020-04-22 01:25:21.355 | INFO     | __main__:<module>:22 - adb shell input tap 543 1832
2020-04-22 01:25:21.866 | INFO     | __main__:<module>:25 - Sleeping for 31 seconds...
2020-04-22 01:25:52.868 | INFO     | __main__:<module>:37 - adb shell input tap 957 1861
2020-04-22 01:25:53.264 | INFO     | __main__:<module>:40 - Sleeping for 0.5 seconds...
2020-04-22 01:25:53.768 | INFO     | __main__:<module>:50 - adb shell input keyevent KEYCODE_BACK
2020-04-22 01:25:54.210 | INFO     | __main__:<module>:53 - Sleeping for 0.5 seconds...
2020-04-22 01:25:54.713 | INFO     | __main__:<module>:12 - Capturing 68...
2020-04-22 01:25:54.714 | INFO     | __main__:<module>:22 - adb shell input tap 543 1832
2020-04-22 01:25:55.097 | INFO     | __main__:<module>:25 - Sleeping for 31 seconds...
2020-04-22 01:26:26.104 | INFO     | __main__:<module>:37 - adb shell input tap 957 1861
2020-04-22 01:26:26.566 | INFO     | __main__:<module>:40 - Sleeping for 0.5 seconds...
2020-04-22 01:26:27.072 | INFO     | __main__:<module>:50 - adb shell input keyevent KEYCODE_BACK
2020-04-22 01:26:27.502 | INFO     | __main__:<module>:53 - Sleeping for 0.5 seconds...
2020-04-22 01:26:28.006 | INFO     | __main__:<module>:12 - Capturing 69...
2020-04-22 01:26:28.008 | INFO     | __main__:<module>:22 - adb shell input tap 543 1832
2020-04-22 01:26:28.440 | INFO     | __main__:<module>:25 - Sleeping for 31 seconds...
2020-04-22 01:26:59.445 | INFO     | __main__:<module>:37 - adb shell input tap 957 1861
2020-04-22 01:27:02.299 | INFO     | __main__:<module>:40 - Sleeping for 0.5 seconds...
2020-04-22 01:27:02.804 | INFO     | __main__:<module>:50 - adb shell input keyevent KEYCODE_BACK
2020-04-22 01:27:04.743 | INFO     | __main__:<module>:53 - Sleeping for 0.5 seconds...
2020-04-22 01:27:05.247 | INFO     | __main__:<module>:12 - Capturing 70...
2020-04-22 01:27:05.248 | INFO     | __main__:<module>:22 - adb shell input tap 543 1832
2020-04-22 01:27:07.209 | INFO     | __main__:<module>:25 - Sleeping for 31 seconds...
2020-04-22 01:27:38.214 | INFO     | __main__:<module>:37 - adb shell input tap 957 1861
2020-04-22 01:27:39.989 | INFO     | __main__:<module>:40 - Sleeping for 0.5 seconds...
2020-04-22 01:27:40.492 | INFO     | __main__:<module>:50 - adb shell input keyevent KEYCODE_BACK
2020-04-22 01:27:40.954 | INFO     | __main__:<module>:53 - Sleeping for 0.5 seconds...
2020-04-22 01:27:41.459 | INFO     | __main__:<module>:12 - Capturing 71...
2020-04-22 01:27:41.459 | INFO     | __main__:<module>:22 - adb shell input tap 543 1832
2020-04-22 01:27:41.979 | INFO     | __main__:<module>:25 - Sleeping for 31 seconds...
2020-04-22 01:28:12.987 | INFO     | __main__:<module>:37 - adb shell input tap 957 1861
2020-04-22 01:28:14.921 | INFO     | __main__:<module>:40 - Sleeping for 0.5 seconds...
2020-04-22 01:28:15.425 | INFO     | __main__:<module>:50 - adb shell input keyevent KEYCODE_BACK
2020-04-22 01:28:17.271 | INFO     | __main__:<module>:53 - Sleeping for 0.5 seconds...
2020-04-22 01:28:17.776 | INFO     | __main__:<module>:12 - Capturing 72...
2020-04-22 01:28:17.777 | INFO     | __main__:<module>:22 - adb shell input tap 543 1832
2020-04-22 01:28:19.538 | INFO     | __main__:<module>:25 - Sleeping for 31 seconds...
2020-04-22 01:28:50.544 | INFO     | __main__:<module>:37 - adb shell input tap 957 1861
2020-04-22 01:28:50.967 | INFO     | __main__:<module>:40 - Sleeping for 0.5 seconds...
2020-04-22 01:28:51.472 | INFO     | __main__:<module>:50 - adb shell input keyevent KEYCODE_BACK
2020-04-22 01:28:53.178 | INFO     | __main__:<module>:53 - Sleeping for 0.5 seconds...
2020-04-22 01:28:53.682 | INFO     | __main__:<module>:12 - Capturing 73...
2020-04-22 01:28:53.682 | INFO     | __main__:<module>:22 - adb shell input tap 543 1832
2020-04-22 01:28:54.563 | INFO     | __main__:<module>:25 - Sleeping for 31 seconds...
2020-04-22 01:29:25.569 | INFO     | __main__:<module>:37 - adb shell input tap 957 1861
2020-04-22 01:29:26.614 | INFO     | __main__:<module>:40 - Sleeping for 0.5 seconds...
2020-04-22 01:29:27.117 | INFO     | __main__:<module>:50 - adb shell input keyevent KEYCODE_BACK
2020-04-22 01:29:27.798 | INFO     | __main__:<module>:53 - Sleeping for 0.5 seconds...
2020-04-22 01:29:28.303 | INFO     | __main__:<module>:12 - Capturing 74...
2020-04-22 01:29:28.303 | INFO     | __main__:<module>:22 - adb shell input tap 543 1832
2020-04-22 01:29:29.788 | INFO     | __main__:<module>:25 - Sleeping for 31 seconds...
2020-04-22 01:30:00.793 | INFO     | __main__:<module>:37 - adb shell input tap 957 1861
2020-04-22 01:30:01.334 | INFO     | __main__:<module>:40 - Sleeping for 0.5 seconds...
2020-04-22 01:30:01.838 | INFO     | __main__:<module>:50 - adb shell input keyevent KEYCODE_BACK
2020-04-22 01:30:02.358 | INFO     | __main__:<module>:53 - Sleeping for 0.5 seconds...
2020-04-22 01:30:02.864 | INFO     | __main__:<module>:12 - Capturing 75...
2020-04-22 01:30:02.865 | INFO     | __main__:<module>:22 - adb shell input tap 543 1832
2020-04-22 01:30:06.494 | INFO     | __main__:<module>:25 - Sleeping for 31 seconds...
2020-04-22 01:30:37.498 | INFO     | __main__:<module>:37 - adb shell input tap 957 1861
2020-04-22 01:30:39.561 | INFO     | __main__:<module>:40 - Sleeping for 0.5 seconds...
2020-04-22 01:30:40.066 | INFO     | __main__:<module>:50 - adb shell input keyevent KEYCODE_BACK
2020-04-22 01:30:41.959 | INFO     | __main__:<module>:53 - Sleeping for 0.5 seconds...
2020-04-22 01:30:42.464 | INFO     | __main__:<module>:12 - Capturing 76...
2020-04-22 01:30:42.465 | INFO     | __main__:<module>:22 - adb shell input tap 543 1832
2020-04-22 01:30:44.996 | INFO     | __main__:<module>:25 - Sleeping for 31 seconds...
2020-04-22 01:31:16.003 | INFO     | __main__:<module>:37 - adb shell input tap 957 1861
2020-04-22 01:31:17.961 | INFO     | __main__:<module>:40 - Sleeping for 0.5 seconds...
2020-04-22 01:31:18.466 | INFO     | __main__:<module>:50 - adb shell input keyevent KEYCODE_BACK
2020-04-22 01:31:20.410 | INFO     | __main__:<module>:53 - Sleeping for 0.5 seconds...
2020-04-22 01:31:20.915 | INFO     | __main__:<module>:12 - Capturing 77...
2020-04-22 01:31:20.916 | INFO     | __main__:<module>:22 - adb shell input tap 543 1832
2020-04-22 01:31:22.867 | INFO     | __main__:<module>:25 - Sleeping for 31 seconds...
2020-04-22 01:31:53.873 | INFO     | __main__:<module>:37 - adb shell input tap 957 1861
2020-04-22 01:31:55.693 | INFO     | __main__:<module>:40 - Sleeping for 0.5 seconds...
2020-04-22 01:31:56.197 | INFO     | __main__:<module>:50 - adb shell input keyevent KEYCODE_BACK
2020-04-22 01:31:57.796 | INFO     | __main__:<module>:53 - Sleeping for 0.5 seconds...
2020-04-22 01:31:58.300 | INFO     | __main__:<module>:12 - Capturing 78...
2020-04-22 01:31:58.301 | INFO     | __main__:<module>:22 - adb shell input tap 543 1832
2020-04-22 01:31:59.859 | INFO     | __main__:<module>:25 - Sleeping for 31 seconds...
2020-04-22 01:32:30.863 | INFO     | __main__:<module>:37 - adb shell input tap 957 1861
2020-04-22 01:32:32.694 | INFO     | __main__:<module>:40 - Sleeping for 0.5 seconds...
2020-04-22 01:32:33.206 | INFO     | __main__:<module>:50 - adb shell input keyevent KEYCODE_BACK
2020-04-22 01:32:35.131 | INFO     | __main__:<module>:53 - Sleeping for 0.5 seconds...
2020-04-22 01:32:35.637 | INFO     | __main__:<module>:12 - Capturing 79...
2020-04-22 01:32:35.638 | INFO     | __main__:<module>:22 - adb shell input tap 543 1832
2020-04-22 01:32:37.703 | INFO     | __main__:<module>:25 - Sleeping for 31 seconds...
2020-04-22 01:33:08.713 | INFO     | __main__:<module>:37 - adb shell input tap 957 1861
2020-04-22 01:33:10.666 | INFO     | __main__:<module>:40 - Sleeping for 0.5 seconds...
2020-04-22 01:33:11.178 | INFO     | __main__:<module>:50 - adb shell input keyevent KEYCODE_BACK
2020-04-22 01:33:13.000 | INFO     | __main__:<module>:53 - Sleeping for 0.5 seconds...
2020-04-22 01:33:13.503 | INFO     | __main__:<module>:12 - Capturing 80...
2020-04-22 01:33:13.504 | INFO     | __main__:<module>:22 - adb shell input tap 543 1832
2020-04-22 01:33:15.372 | INFO     | __main__:<module>:25 - Sleeping for 31 seconds...
2020-04-22 01:33:46.382 | INFO     | __main__:<module>:37 - adb shell input tap 957 1861
2020-04-22 01:33:48.261 | INFO     | __main__:<module>:40 - Sleeping for 0.5 seconds...
2020-04-22 01:33:48.772 | INFO     | __main__:<module>:50 - adb shell input keyevent KEYCODE_BACK
2020-04-22 01:33:49.855 | INFO     | __main__:<module>:53 - Sleeping for 0.5 seconds...
2020-04-22 01:33:50.365 | INFO     | __main__:<module>:12 - Capturing 81...
2020-04-22 01:33:50.366 | INFO     | __main__:<module>:22 - adb shell input tap 543 1832
2020-04-22 01:33:51.160 | INFO     | __main__:<module>:25 - Sleeping for 31 seconds...
2020-04-22 01:34:22.172 | INFO     | __main__:<module>:37 - adb shell input tap 957 1861
2020-04-22 01:34:22.624 | INFO     | __main__:<module>:40 - Sleeping for 0.5 seconds...
2020-04-22 01:34:23.135 | INFO     | __main__:<module>:50 - adb shell input keyevent KEYCODE_BACK
2020-04-22 01:34:23.659 | INFO     | __main__:<module>:53 - Sleeping for 0.5 seconds...
2020-04-22 01:34:24.161 | INFO     | __main__:<module>:12 - Capturing 82...
2020-04-22 01:34:24.161 | INFO     | __main__:<module>:22 - adb shell input tap 543 1832
2020-04-22 01:34:24.568 | INFO     | __main__:<module>:25 - Sleeping for 31 seconds...
